生成启动时间为 2018/4/23 11:54:08。
     1>项目“D:\Documents\Visual Studio 2013\Projects\temp\A-C-like-Interpreter-with-class-\temp\temp.vcxproj”在节点 2 上(Build 个目标)。
     1>ClCompile:
         D:\VS2013\VC\bin\CL.exe /c /I"C:\Program Files (x86)\Visual Leak Detector\include" /I"C:\Program Files (x86)\Visual Leak Detector\include" /ZI /nologo /W3 /WX- /sdl /Od /Oy- /D WIN32 /D _DEBUG /D _CONSOLE /D _LIB /D _UNICODE /D UNICODE /Gm /EHsc /RTC1 /MDd /GS /fp:precise /Zc:wchar_t /Zc:forScope /GR /Yu"stdafx.h" /Fp"Debug\temp.pch" /Fo"Debug\\" /Fd"Debug\vc120.pdb" /Gd /TP /analyze- /errorReport:prompt temp.cpp
         temp.cpp
     1>d:\documents\visual studio 2013\projects\temp\a-c-like-interpreter-with-class-\temp\ast.h(501): warning C4244: “初始化”: 从“int”转换到“float”，可能丢失数据
     1>d:\documents\visual studio 2013\projects\temp\a-c-like-interpreter-with-class-\temp\ast.h(505): warning C4244: “初始化”: 从“int”转换到“float”，可能丢失数据
     1>d:\documents\visual studio 2013\projects\temp\a-c-like-interpreter-with-class-\temp\ast.h(935): warning C4018: “<”: 有符号/无符号不匹配
     1>d:\documents\visual studio 2013\projects\temp\a-c-like-interpreter-with-class-\temp\lexer.h(33): warning C4018: “<”: 有符号/无符号不匹配
     1>d:\documents\visual studio 2013\projects\temp\a-c-like-interpreter-with-class-\temp\temp.cpp(382): warning C4101: “i”: 未引用的局部变量
     1>d:\documents\visual studio 2013\projects\temp\a-c-like-interpreter-with-class-\temp\temp.cpp(409): warning C4200: 使用了非标准扩展 : 结构/联合中的零大小数组
                 当 UDT 包含大小为零的数组时，无法生成复制构造函数或副本赋值运算符
       Link:
         D:\VS2013\VC\bin\link.exe /ERRORREPORT:PROMPT /OUT:"D:\Documents\Visual Studio 2013\Projects\temp\A-C-like-Interpreter-with-class-\Debug\temp.exe" /INCREMENTAL /NOLOGO /LIBPATH:"C:\Program Files (x86)\Visual Leak Detector\lib\Win32" /LIBPATH:"C:\Program Files (x86)\Visual Leak Detector\lib\Win64" /LIBPATH:"C:\Program Files (x86)\Visual Leak Detector\lib\Win32" kernel32.lib user32.lib gdi32.lib winspool.lib comdlg32.lib advapi32.lib shell32.lib ole32.lib oleaut32.lib uuid.lib odbc32.lib odbccp32.lib /MANIFEST /MANIFESTUAC:"level='asInvoker' uiAccess='false'" /manifest:embed /DEBUG /PDB:"D:\Documents\Visual Studio 2013\Projects\temp\A-C-like-Interpreter-with-class-\Debug\temp.pdb" /SUBSYSTEM:CONSOLE /TLBID:1 /DYNAMICBASE /NXCOMPAT /IMPLIB:"D:\Documents\Visual Studio 2013\Projects\temp\A-C-like-Interpreter-with-class-\Debug\temp.lib" /MACHINE:X86 Debug\ast.obj
         Debug\aststmt.obj
         Debug\Lexer.obj
         Debug\MarkSweep.obj
         Debug\MemoryManager.obj
         Debug\StackMachine.obj
         Debug\stdafx.obj
         Debug\temp.obj
         Debug\TypeCheck.obj
         temp.vcxproj -> D:\Documents\Visual Studio 2013\Projects\temp\A-C-like-Interpreter-with-class-\Debug\temp.exe
     1>已完成生成项目“D:\Documents\Visual Studio 2013\Projects\temp\A-C-like-Interpreter-with-class-\temp\temp.vcxproj”(Build 个目标)的操作。

生成成功。

已用时间 00:00:04.15
